PAGfx Converter, by Mollusk     www.palib.com
If you have suggestions, problems, or anything, please mail me at mollusk@palib.info

Converting PAGfx.ini
Transparent Color : Magenta

17 sprites :
  icone_orc : 256colors, 64x64, Pal : icone_Pal, -> icone_orc_Sprite
  icone_humain : 256colors, 64x64, Pal : icone_Pal, -> icone_humain_Sprite
  icone_elfe : 256colors, 64x64, Pal : icone_Pal, -> icone_elfe_Sprite
  icone_gobelin : 256colors, 64x64, Pal : icone_Pal, -> icone_gobelin_Sprite
  icone_araignee : 256colors, 64x64, Pal : icone_Pal, -> icone_araignee_Sprite
  icone_squelette : 256colors, 64x64, Pal : icone_Pal, -> icone_squelette_Sprite
  icone_epee1 : 256colors, 32x32, Pal : icone_Pal, -> icone_epee1_Sprite
  icone_null : 256colors, 32x32, Pal : icone_Pal, -> icone_null_Sprite
  classe_guerrier : 256colors, 64x64, Pal : classe_Pal, -> classe_guerrier_Sprite
  classe_archer : 256colors, 64x64, Pal : classe_Pal, -> classe_archer_Sprite
  classe_mage : 256colors, 64x64, Pal : classe_Pal, -> classe_mage_Sprite
  joueur_minimap : 256colors, 8x8, Pal : ui_Pal, -> joueur_minimap_Sprite
  bouton_attaque : 256colors, 64x32, Pal : ui_Pal, -> bouton_attaque_Sprite
  bouton_sort : 256colors, 64x32, Pal : ui_Pal, -> bouton_sort_Sprite
  bouton_objet : 256colors, 64x32, Pal : ui_Pal, -> bouton_objet_Sprite
  bouton_passer : 256colors, 64x32, Pal : ui_Pal, -> bouton_passer_Sprite
  bouton_fuite : 256colors, 64x32, Pal : ui_Pal, -> bouton_fuite_Sprite

4 backgrounds :
  bg_blanc : EasyBg, 256x192, Pal : bg_blanc_Pal, 1 tiles -> bg_blanc_Tiles and bg_blanc_Map
  bg_cells : EasyBg, 256x192, Pal : bg_cells_Pal, 7 tiles -> bg_cells_Tiles and bg_cells_Map
  bg_combat_bot : EasyBg, 256x192, Pal : bg_combat_bot_Pal, 26 tiles -> bg_combat_bot_Tiles and bg_combat_bot_Map
  bg_combat_top : EasyBg, 256x192, Pal : bg_combat_top_Pal, 28 tiles -> bg_combat_top_Tiles and bg_combat_top_Map

7 palettes :
  icone_Pal, 239 colors
  classe_Pal, 67 colors
  ui_Pal, 34 colors
  bg_blanc_Pal, 2 colors
  bg_cells_Pal, 4 colors
  bg_combat_bot_Pal, 5 colors
  bg_combat_top_Pal, 3 colors

Converted in 0 minutes 0 seconds

Finished !
